<?xml version="1.0" encoding="UTF-8"?>
<testsuite xmlns:xsi="http://www.w3.org/2001/XMLSchema-instance" xsi:noNamespaceSchemaLocation="https://maven.apache.org/surefire/maven-surefire-plugin/xsd/surefire-test-report-3.0.xsd" version="3.0" name="com.product.manager.domain.services.ProductSortingServiceTest" time="0.035" tests="11" errors="0" skipped="0" failures="0">
  <properties>
    <property name="java.specification.version" value="17"/>
    <property name="sun.jnu.encoding" value="UTF-8"/>
    <property name="java.class.path" value="/opt/proyectos/java/product-manager/application/target/test-classes:/opt/proyectos/java/product-manager/application/target/classes:/home/nao/.m2/repository/org/springframework/spring-context/6.1.14/spring-context-6.1.14.jar:/home/nao/.m2/repository/org/springframework/spring-aop/6.1.14/spring-aop-6.1.14.jar:/home/nao/.m2/repository/org/springframework/spring-beans/6.1.14/spring-beans-6.1.14.jar:/home/nao/.m2/repository/org/springframework/spring-core/6.1.14/spring-core-6.1.14.jar:/home/nao/.m2/repository/org/springframework/spring-jcl/6.1.14/spring-jcl-6.1.14.jar:/home/nao/.m2/repository/org/springframework/spring-expression/6.1.14/spring-expression-6.1.14.jar:/home/nao/.m2/repository/io/micrometer/micrometer-observation/1.12.11/micrometer-observation-1.12.11.jar:/home/nao/.m2/repository/io/micrometer/micrometer-commons/1.12.11/micrometer-commons-1.12.11.jar:/home/nao/.m2/repository/org/projectlombok/lombok/1.18.34/lombok-1.18.34.jar:/home/nao/.m2/repository/org/mapstruct/mapstruct/1.4.2.Final/mapstruct-1.4.2.Final.jar:/home/nao/.m2/repository/org/mapstruct/mapstruct-processor/1.4.2.Final/mapstruct-processor-1.4.2.Final.jar:/home/nao/.m2/repository/org/springframework/spring-test/6.1.14/spring-test-6.1.14.jar:/home/nao/.m2/repository/org/springframework/boot/spring-boot-test-autoconfigure/3.2.11/spring-boot-test-autoconfigure-3.2.11.jar:/home/nao/.m2/repository/org/springframework/boot/spring-boot/3.2.11/spring-boot-3.2.11.jar:/home/nao/.m2/repository/org/springframework/boot/spring-boot-test/3.2.11/spring-boot-test-3.2.11.jar:/home/nao/.m2/repository/org/springframework/boot/spring-boot-autoconfigure/3.2.11/spring-boot-autoconfigure-3.2.11.jar:/home/nao/.m2/repository/org/springframework/boot/spring-boot-starter-validation/3.2.11/spring-boot-starter-validation-3.2.11.jar:/home/nao/.m2/repository/org/springframework/boot/spring-boot-starter/3.2.11/spring-boot-starter-3.2.11.jar:/home/nao/.m2/repository/org/springframework/boot/spring-boot-starter-logging/3.2.11/spring-boot-starter-logging-3.2.11.jar:/home/nao/.m2/repository/ch/qos/logback/logback-classic/1.4.14/logback-classic-1.4.14.jar:/home/nao/.m2/repository/ch/qos/logback/logback-core/1.4.14/logback-core-1.4.14.jar:/home/nao/.m2/repository/org/slf4j/slf4j-api/2.0.16/slf4j-api-2.0.16.jar:/home/nao/.m2/repository/org/apache/logging/log4j/log4j-to-slf4j/2.21.1/log4j-to-slf4j-2.21.1.jar:/home/nao/.m2/repository/org/apache/logging/log4j/log4j-api/2.21.1/log4j-api-2.21.1.jar:/home/nao/.m2/repository/org/slf4j/jul-to-slf4j/2.0.16/jul-to-slf4j-2.0.16.jar:/home/nao/.m2/repository/jakarta/annotation/jakarta.annotation-api/2.1.1/jakarta.annotation-api-2.1.1.jar:/home/nao/.m2/repository/org/yaml/snakeyaml/2.2/snakeyaml-2.2.jar:/home/nao/.m2/repository/org/apache/tomcat/embed/tomcat-embed-el/10.1.31/tomcat-embed-el-10.1.31.jar:/home/nao/.m2/repository/org/hibernate/validator/hibernate-validator/8.0.1.Final/hibernate-validator-8.0.1.Final.jar:/home/nao/.m2/repository/jakarta/validation/jakarta.validation-api/3.0.2/jakarta.validation-api-3.0.2.jar:/home/nao/.m2/repository/org/jboss/logging/jboss-logging/3.5.3.Final/jboss-logging-3.5.3.Final.jar:/home/nao/.m2/repository/com/fasterxml/classmate/1.6.0/classmate-1.6.0.jar:/home/nao/.m2/repository/org/mockito/mockito-junit-jupiter/4.7.0/mockito-junit-jupiter-4.7.0.jar:/home/nao/.m2/repository/org/mockito/mockito-core/5.7.0/mockito-core-5.7.0.jar:/home/nao/.m2/repository/net/bytebuddy/byte-buddy/1.14.19/byte-buddy-1.14.19.jar:/home/nao/.m2/repository/net/bytebuddy/byte-buddy-agent/1.14.19/byte-buddy-agent-1.14.19.jar:/home/nao/.m2/repository/org/objenesis/objenesis/3.3/objenesis-3.3.jar:/home/nao/.m2/repository/org/junit/jupiter/junit-jupiter-api/5.10.5/junit-jupiter-api-5.10.5.jar:/home/nao/.m2/repository/org/opentest4j/opentest4j/1.3.0/opentest4j-1.3.0.jar:/home/nao/.m2/repository/org/junit/platform/junit-platform-commons/1.10.5/junit-platform-commons-1.10.5.jar:/home/nao/.m2/repository/org/apiguardian/apiguardian-api/1.1.2/apiguardian-api-1.1.2.jar:"/>
    <property name="java.vm.vendor" value="Eclipse Adoptium"/>
    <property name="sun.arch.data.model" value="64"/>
    <property name="java.vendor.url" value="https://adoptium.net/"/>
    <property name="user.timezone" value="Europe/Madrid"/>
    <property name="os.name" value="Linux"/>
    <property name="java.vm.specification.version" value="17"/>
    <property name="sun.java.launcher" value="SUN_STANDARD"/>
    <property name="user.country" value="ES"/>
    <property name="sun.boot.library.path" value="/home/nao/.sdkman/candidates/java/17.0.15-tem/lib"/>
    <property name="sun.java.command" value="/opt/proyectos/java/product-manager/application/target/surefire/surefirebooter-20250604095329335_3.jar /opt/proyectos/java/product-manager/application/target/surefire 2025-06-04T09-53-29_275-jvmRun1 surefire-20250604095329335_1tmp surefire_0-20250604095329335_2tmp"/>
    <property name="jdk.debug" value="release"/>
    <property name="surefire.test.class.path" value="/opt/proyectos/java/product-manager/application/target/test-classes:/opt/proyectos/java/product-manager/application/target/classes:/home/nao/.m2/repository/org/springframework/spring-context/6.1.14/spring-context-6.1.14.jar:/home/nao/.m2/repository/org/springframework/spring-aop/6.1.14/spring-aop-6.1.14.jar:/home/nao/.m2/repository/org/springframework/spring-beans/6.1.14/spring-beans-6.1.14.jar:/home/nao/.m2/repository/org/springframework/spring-core/6.1.14/spring-core-6.1.14.jar:/home/nao/.m2/repository/org/springframework/spring-jcl/6.1.14/spring-jcl-6.1.14.jar:/home/nao/.m2/repository/org/springframework/spring-expression/6.1.14/spring-expression-6.1.14.jar:/home/nao/.m2/repository/io/micrometer/micrometer-observation/1.12.11/micrometer-observation-1.12.11.jar:/home/nao/.m2/repository/io/micrometer/micrometer-commons/1.12.11/micrometer-commons-1.12.11.jar:/home/nao/.m2/repository/org/projectlombok/lombok/1.18.34/lombok-1.18.34.jar:/home/nao/.m2/repository/org/mapstruct/mapstruct/1.4.2.Final/mapstruct-1.4.2.Final.jar:/home/nao/.m2/repository/org/mapstruct/mapstruct-processor/1.4.2.Final/mapstruct-processor-1.4.2.Final.jar:/home/nao/.m2/repository/org/springframework/spring-test/6.1.14/spring-test-6.1.14.jar:/home/nao/.m2/repository/org/springframework/boot/spring-boot-test-autoconfigure/3.2.11/spring-boot-test-autoconfigure-3.2.11.jar:/home/nao/.m2/repository/org/springframework/boot/spring-boot/3.2.11/spring-boot-3.2.11.jar:/home/nao/.m2/repository/org/springframework/boot/spring-boot-test/3.2.11/spring-boot-test-3.2.11.jar:/home/nao/.m2/repository/org/springframework/boot/spring-boot-autoconfigure/3.2.11/spring-boot-autoconfigure-3.2.11.jar:/home/nao/.m2/repository/org/springframework/boot/spring-boot-starter-validation/3.2.11/spring-boot-starter-validation-3.2.11.jar:/home/nao/.m2/repository/org/springframework/boot/spring-boot-starter/3.2.11/spring-boot-starter-3.2.11.jar:/home/nao/.m2/repository/org/springframework/boot/spring-boot-starter-logging/3.2.11/spring-boot-starter-logging-3.2.11.jar:/home/nao/.m2/repository/ch/qos/logback/logback-classic/1.4.14/logback-classic-1.4.14.jar:/home/nao/.m2/repository/ch/qos/logback/logback-core/1.4.14/logback-core-1.4.14.jar:/home/nao/.m2/repository/org/slf4j/slf4j-api/2.0.16/slf4j-api-2.0.16.jar:/home/nao/.m2/repository/org/apache/logging/log4j/log4j-to-slf4j/2.21.1/log4j-to-slf4j-2.21.1.jar:/home/nao/.m2/repository/org/apache/logging/log4j/log4j-api/2.21.1/log4j-api-2.21.1.jar:/home/nao/.m2/repository/org/slf4j/jul-to-slf4j/2.0.16/jul-to-slf4j-2.0.16.jar:/home/nao/.m2/repository/jakarta/annotation/jakarta.annotation-api/2.1.1/jakarta.annotation-api-2.1.1.jar:/home/nao/.m2/repository/org/yaml/snakeyaml/2.2/snakeyaml-2.2.jar:/home/nao/.m2/repository/org/apache/tomcat/embed/tomcat-embed-el/10.1.31/tomcat-embed-el-10.1.31.jar:/home/nao/.m2/repository/org/hibernate/validator/hibernate-validator/8.0.1.Final/hibernate-validator-8.0.1.Final.jar:/home/nao/.m2/repository/jakarta/validation/jakarta.validation-api/3.0.2/jakarta.validation-api-3.0.2.jar:/home/nao/.m2/repository/org/jboss/logging/jboss-logging/3.5.3.Final/jboss-logging-3.5.3.Final.jar:/home/nao/.m2/repository/com/fasterxml/classmate/1.6.0/classmate-1.6.0.jar:/home/nao/.m2/repository/org/mockito/mockito-junit-jupiter/4.7.0/mockito-junit-jupiter-4.7.0.jar:/home/nao/.m2/repository/org/mockito/mockito-core/5.7.0/mockito-core-5.7.0.jar:/home/nao/.m2/repository/net/bytebuddy/byte-buddy/1.14.19/byte-buddy-1.14.19.jar:/home/nao/.m2/repository/net/bytebuddy/byte-buddy-agent/1.14.19/byte-buddy-agent-1.14.19.jar:/home/nao/.m2/repository/org/objenesis/objenesis/3.3/objenesis-3.3.jar:/home/nao/.m2/repository/org/junit/jupiter/junit-jupiter-api/5.10.5/junit-jupiter-api-5.10.5.jar:/home/nao/.m2/repository/org/opentest4j/opentest4j/1.3.0/opentest4j-1.3.0.jar:/home/nao/.m2/repository/org/junit/platform/junit-platform-commons/1.10.5/junit-platform-commons-1.10.5.jar:/home/nao/.m2/repository/org/apiguardian/apiguardian-api/1.1.2/apiguardian-api-1.1.2.jar:"/>
    <property name="sun.cpu.endian" value="little"/>
    <property name="user.home" value="/home/nao"/>
    <property name="user.language" value="es"/>
    <property name="java.specification.vendor" value="Oracle Corporation"/>
    <property name="java.version.date" value="2025-04-15"/>
    <property name="java.home" value="/home/nao/.sdkman/candidates/java/17.0.15-tem"/>
    <property name="file.separator" value="/"/>
    <property name="basedir" value="/opt/proyectos/java/product-manager/application"/>
    <property name="java.vm.compressedOopsMode" value="Zero based"/>
    <property name="line.separator" value="&#10;"/>
    <property name="java.specification.name" value="Java Platform API Specification"/>
    <property name="java.vm.specification.vendor" value="Oracle Corporation"/>
    <property name="surefire.real.class.path" value="/opt/proyectos/java/product-manager/application/target/surefire/surefirebooter-20250604095329335_3.jar"/>
    <property name="sun.management.compiler" value="HotSpot 64-Bit Tiered Compilers"/>
    <property name="java.runtime.version" value="17.0.15+6"/>
    <property name="user.name" value="nao"/>
    <property name="path.separator" value=":"/>
    <property name="os.version" value="6.8.0-60-generic"/>
    <property name="java.runtime.name" value="OpenJDK Runtime Environment"/>
    <property name="file.encoding" value="UTF-8"/>
    <property name="java.vm.name" value="OpenJDK 64-Bit Server VM"/>
    <property name="java.vendor.version" value="Temurin-17.0.15+6"/>
    <property name="localRepository" value="/home/nao/.m2/repository"/>
    <property name="java.vendor.url.bug" value="https://github.com/adoptium/adoptium-support/issues"/>
    <property name="java.io.tmpdir" value="/tmp"/>
    <property name="java.version" value="17.0.15"/>
    <property name="user.dir" value="/opt/proyectos/java/product-manager/application"/>
    <property name="os.arch" value="amd64"/>
    <property name="java.vm.specification.name" value="Java Virtual Machine Specification"/>
    <property name="native.encoding" value="UTF-8"/>
    <property name="java.library.path" value="/usr/java/packages/lib:/usr/lib64:/lib64:/lib:/usr/lib"/>
    <property name="java.vm.info" value="mixed mode, sharing"/>
    <property name="java.vendor" value="Eclipse Adoptium"/>
    <property name="java.vm.version" value="17.0.15+6"/>
    <property name="java.specification.maintenance.version" value="1"/>
    <property name="sun.io.unicode.encoding" value="UnicodeLittle"/>
    <property name="java.class.version" value="61.0"/>
  </properties>
  <testcase name="shouldSortProductsByStockRatioOnly" classname="com.product.manager.domain.services.ProductSortingServiceTest" time="0.006"/>
  <testcase name="shouldNotModifyOriginalList" classname="com.product.manager.domain.services.ProductSortingServiceTest" time="0.001"/>
  <testcase name="shouldThrowExceptionForInvalidCriteria" classname="com.product.manager.domain.services.ProductSortingServiceTest" time="0.003"/>
  <testcase name="shouldHandleEmptyProductList" classname="com.product.manager.domain.services.ProductSortingServiceTest" time="0.002"/>
  <testcase name="shouldHandleProductsWithZeroSales" classname="com.product.manager.domain.services.ProductSortingServiceTest" time="0.002"/>
  <testcase name="shouldHandleSingleProduct" classname="com.product.manager.domain.services.ProductSortingServiceTest" time="0.002"/>
  <testcase name="shouldHandleProductsWithSameSales" classname="com.product.manager.domain.services.ProductSortingServiceTest" time="0.001"/>
  <testcase name="shouldHandleNullCriteria" classname="com.product.manager.domain.services.ProductSortingServiceTest" time="0.001"/>
  <testcase name="shouldSortProductsByWeightedCriteria" classname="com.product.manager.domain.services.ProductSortingServiceTest" time="0.0"/>
  <testcase name="shouldSortProductsBySalesOnly" classname="com.product.manager.domain.services.ProductSortingServiceTest" time="0.001"/>
  <testcase name="shouldCalculateScoresCorrectly" classname="com.product.manager.domain.services.ProductSortingServiceTest" time="0.007"/>
</testsuite>