<?xml version="1.0" encoding="UTF-8"?>
<testsuite xmlns:xsi="http://www.w3.org/2001/XMLSchema-instance" xsi:noNamespaceSchemaLocation="https://maven.apache.org/surefire/maven-surefire-plugin/xsd/surefire-test-report-3.0.xsd" version="3.0" name="com.product.manager.ApplicationTest" time="3.897" tests="1" errors="0" skipped="0" failures="0">
  <properties>
    <property name="java.specification.version" value="17"/>
    <property name="sun.jnu.encoding" value="UTF-8"/>
    <property name="java.class.path" value="/opt/proyectos/java/product-manager/boot/target/test-classes:/opt/proyectos/java/product-manager/boot/target/classes:/opt/proyectos/java/product-manager/driving/api-rest/target/product-manager-api-rest-1.0.0.jar:/home/nao/.m2/repository/org/springframework/spring-web/6.1.14/spring-web-6.1.14.jar:/home/nao/.m2/repository/org/springframework/spring-webmvc/6.1.14/spring-webmvc-6.1.14.jar:/opt/proyectos/java/product-manager/application/target/product-manager-application-1.0.0.jar:/home/nao/.m2/repository/io/swagger/core/v3/swagger-annotations/2.2.16/swagger-annotations-2.2.16.jar:/home/nao/.m2/repository/org/openapitools/jackson-databind-nullable/0.2.6/jackson-databind-nullable-0.2.6.jar:/home/nao/.m2/repository/com/fasterxml/jackson/core/jackson-databind/2.15.4/jackson-databind-2.15.4.jar:/home/nao/.m2/repository/com/fasterxml/jackson/core/jackson-annotations/2.15.4/jackson-annotations-2.15.4.jar:/home/nao/.m2/repository/com/fasterxml/jackson/core/jackson-core/2.15.4/jackson-core-2.15.4.jar:/home/nao/.m2/repository/jakarta/servlet/jakarta.servlet-api/6.0.0/jakarta.servlet-api-6.0.0.jar:/opt/proyectos/java/product-manager/driven/repository-sql/target/product-manager-repository-sql-1.0.0.jar:/home/nao/.m2/repository/org/springframework/boot/spring-boot-starter-data-jpa/3.2.11/spring-boot-starter-data-jpa-3.2.11.jar:/home/nao/.m2/repository/org/springframework/boot/spring-boot-starter-aop/3.2.11/spring-boot-starter-aop-3.2.11.jar:/home/nao/.m2/repository/org/aspectj/aspectjweaver/1.9.22.1/aspectjweaver-1.9.22.1.jar:/home/nao/.m2/repository/org/springframework/boot/spring-boot-starter-jdbc/3.2.11/spring-boot-starter-jdbc-3.2.11.jar:/home/nao/.m2/repository/com/zaxxer/HikariCP/5.0.1/HikariCP-5.0.1.jar:/home/nao/.m2/repository/org/springframework/spring-jdbc/6.1.14/spring-jdbc-6.1.14.jar:/home/nao/.m2/repository/org/hibernate/orm/hibernate-core/6.4.10.Final/hibernate-core-6.4.10.Final.jar:/home/nao/.m2/repository/jakarta/persistence/jakarta.persistence-api/3.1.0/jakarta.persistence-api-3.1.0.jar:/home/nao/.m2/repository/jakarta/transaction/jakarta.transaction-api/2.0.1/jakarta.transaction-api-2.0.1.jar:/home/nao/.m2/repository/org/hibernate/common/hibernate-commons-annotations/6.0.6.Final/hibernate-commons-annotations-6.0.6.Final.jar:/home/nao/.m2/repository/io/smallrye/jandex/3.1.2/jandex-3.1.2.jar:/home/nao/.m2/repository/jakarta/xml/bind/jakarta.xml.bind-api/4.0.2/jakarta.xml.bind-api-4.0.2.jar:/home/nao/.m2/repository/jakarta/activation/jakarta.activation-api/2.1.3/jakarta.activation-api-2.1.3.jar:/home/nao/.m2/repository/org/glassfish/jaxb/jaxb-runtime/4.0.5/jaxb-runtime-4.0.5.jar:/home/nao/.m2/repository/org/glassfish/jaxb/jaxb-core/4.0.5/jaxb-core-4.0.5.jar:/home/nao/.m2/repository/org/eclipse/angus/angus-activation/2.0.2/angus-activation-2.0.2.jar:/home/nao/.m2/repository/org/glassfish/jaxb/txw2/4.0.5/txw2-4.0.5.jar:/home/nao/.m2/repository/com/sun/istack/istack-commons-runtime/4.1.2/istack-commons-runtime-4.1.2.jar:/home/nao/.m2/repository/jakarta/inject/jakarta.inject-api/2.0.1/jakarta.inject-api-2.0.1.jar:/home/nao/.m2/repository/org/antlr/antlr4-runtime/4.13.0/antlr4-runtime-4.13.0.jar:/home/nao/.m2/repository/org/springframework/data/spring-data-jpa/3.2.11/spring-data-jpa-3.2.11.jar:/home/nao/.m2/repository/org/springframework/data/spring-data-commons/3.2.11/spring-data-commons-3.2.11.jar:/home/nao/.m2/repository/org/springframework/spring-orm/6.1.14/spring-orm-6.1.14.jar:/home/nao/.m2/repository/org/springframework/spring-tx/6.1.14/spring-tx-6.1.14.jar:/home/nao/.m2/repository/org/slf4j/slf4j-api/2.0.16/slf4j-api-2.0.16.jar:/home/nao/.m2/repository/org/springframework/spring-aspects/6.1.14/spring-aspects-6.1.14.jar:/home/nao/.m2/repository/com/h2database/h2/2.2.224/h2-2.2.224.jar:/home/nao/.m2/repository/org/springframework/boot/spring-boot-starter-web/3.2.11/spring-boot-starter-web-3.2.11.jar:/home/nao/.m2/repository/org/springframework/boot/spring-boot-starter/3.2.11/spring-boot-starter-3.2.11.jar:/home/nao/.m2/repository/org/springframework/boot/spring-boot-starter-logging/3.2.11/spring-boot-starter-logging-3.2.11.jar:/home/nao/.m2/repository/ch/qos/logback/logback-classic/1.4.14/logback-classic-1.4.14.jar:/home/nao/.m2/repository/ch/qos/logback/logback-core/1.4.14/logback-core-1.4.14.jar:/home/nao/.m2/repository/org/apache/logging/log4j/log4j-to-slf4j/2.21.1/log4j-to-slf4j-2.21.1.jar:/home/nao/.m2/repository/org/apache/logging/log4j/log4j-api/2.21.1/log4j-api-2.21.1.jar:/home/nao/.m2/repository/org/slf4j/jul-to-slf4j/2.0.16/jul-to-slf4j-2.0.16.jar:/home/nao/.m2/repository/jakarta/annotation/jakarta.annotation-api/2.1.1/jakarta.annotation-api-2.1.1.jar:/home/nao/.m2/repository/org/yaml/snakeyaml/2.2/snakeyaml-2.2.jar:/home/nao/.m2/repository/org/springframework/boot/spring-boot-starter-json/3.2.11/spring-boot-starter-json-3.2.11.jar:/home/nao/.m2/repository/com/fasterxml/jackson/datatype/jackson-datatype-jdk8/2.15.4/jackson-datatype-jdk8-2.15.4.jar:/home/nao/.m2/repository/com/fasterxml/jackson/datatype/jackson-datatype-jsr310/2.15.4/jackson-datatype-jsr310-2.15.4.jar:/home/nao/.m2/repository/com/fasterxml/jackson/module/jackson-module-parameter-names/2.15.4/jackson-module-parameter-names-2.15.4.jar:/home/nao/.m2/repository/org/springframework/boot/spring-boot-starter-tomcat/3.2.11/spring-boot-starter-tomcat-3.2.11.jar:/home/nao/.m2/repository/org/apache/tomcat/embed/tomcat-embed-core/10.1.31/tomcat-embed-core-10.1.31.jar:/home/nao/.m2/repository/org/apache/tomcat/embed/tomcat-embed-websocket/10.1.31/tomcat-embed-websocket-10.1.31.jar:/home/nao/.m2/repository/org/springframework/spring-context/6.1.14/spring-context-6.1.14.jar:/home/nao/.m2/repository/org/springframework/spring-aop/6.1.14/spring-aop-6.1.14.jar:/home/nao/.m2/repository/org/springframework/spring-beans/6.1.14/spring-beans-6.1.14.jar:/home/nao/.m2/repository/org/springframework/spring-core/6.1.14/spring-core-6.1.14.jar:/home/nao/.m2/repository/org/springframework/spring-jcl/6.1.14/spring-jcl-6.1.14.jar:/home/nao/.m2/repository/org/springframework/spring-expression/6.1.14/spring-expression-6.1.14.jar:/home/nao/.m2/repository/io/micrometer/micrometer-observation/1.12.11/micrometer-observation-1.12.11.jar:/home/nao/.m2/repository/io/micrometer/micrometer-commons/1.12.11/micrometer-commons-1.12.11.jar:/home/nao/.m2/repository/org/projectlombok/lombok/1.18.34/lombok-1.18.34.jar:/home/nao/.m2/repository/org/mapstruct/mapstruct/1.4.2.Final/mapstruct-1.4.2.Final.jar:/home/nao/.m2/repository/org/mapstruct/mapstruct-processor/1.4.2.Final/mapstruct-processor-1.4.2.Final.jar:/home/nao/.m2/repository/org/springframework/spring-test/6.1.14/spring-test-6.1.14.jar:/home/nao/.m2/repository/org/springframework/boot/spring-boot-test-autoconfigure/3.2.11/spring-boot-test-autoconfigure-3.2.11.jar:/home/nao/.m2/repository/org/springframework/boot/spring-boot/3.2.11/spring-boot-3.2.11.jar:/home/nao/.m2/repository/org/springframework/boot/spring-boot-test/3.2.11/spring-boot-test-3.2.11.jar:/home/nao/.m2/repository/org/springframework/boot/spring-boot-autoconfigure/3.2.11/spring-boot-autoconfigure-3.2.11.jar:/home/nao/.m2/repository/org/springframework/boot/spring-boot-starter-validation/3.2.11/spring-boot-starter-validation-3.2.11.jar:/home/nao/.m2/repository/org/apache/tomcat/embed/tomcat-embed-el/10.1.31/tomcat-embed-el-10.1.31.jar:/home/nao/.m2/repository/org/hibernate/validator/hibernate-validator/8.0.1.Final/hibernate-validator-8.0.1.Final.jar:/home/nao/.m2/repository/jakarta/validation/jakarta.validation-api/3.0.2/jakarta.validation-api-3.0.2.jar:/home/nao/.m2/repository/org/jboss/logging/jboss-logging/3.5.3.Final/jboss-logging-3.5.3.Final.jar:/home/nao/.m2/repository/com/fasterxml/classmate/1.6.0/classmate-1.6.0.jar:/home/nao/.m2/repository/org/mockito/mockito-junit-jupiter/4.7.0/mockito-junit-jupiter-4.7.0.jar:/home/nao/.m2/repository/org/mockito/mockito-core/5.7.0/mockito-core-5.7.0.jar:/home/nao/.m2/repository/net/bytebuddy/byte-buddy/1.14.19/byte-buddy-1.14.19.jar:/home/nao/.m2/repository/net/bytebuddy/byte-buddy-agent/1.14.19/byte-buddy-agent-1.14.19.jar:/home/nao/.m2/repository/org/objenesis/objenesis/3.3/objenesis-3.3.jar:/home/nao/.m2/repository/org/junit/jupiter/junit-jupiter-api/5.10.5/junit-jupiter-api-5.10.5.jar:/home/nao/.m2/repository/org/opentest4j/opentest4j/1.3.0/opentest4j-1.3.0.jar:/home/nao/.m2/repository/org/junit/platform/junit-platform-commons/1.10.5/junit-platform-commons-1.10.5.jar:/home/nao/.m2/repository/org/apiguardian/apiguardian-api/1.1.2/apiguardian-api-1.1.2.jar:"/>
    <property name="java.vm.vendor" value="Eclipse Adoptium"/>
    <property name="sun.arch.data.model" value="64"/>
    <property name="catalina.useNaming" value="false"/>
    <property name="java.vendor.url" value="https://adoptium.net/"/>
    <property name="user.timezone" value="Europe/Madrid"/>
    <property name="org.jboss.logging.provider" value="slf4j"/>
    <property name="os.name" value="Linux"/>
    <property name="java.vm.specification.version" value="17"/>
    <property name="sun.java.launcher" value="SUN_STANDARD"/>
    <property name="user.country" value="ES"/>
    <property name="sun.boot.library.path" value="/home/nao/.sdkman/candidates/java/17.0.15-tem/lib"/>
    <property name="sun.java.command" value="/opt/proyectos/java/product-manager/boot/target/surefire/surefirebooter-20250604095337559_12.jar /opt/proyectos/java/product-manager/boot/target/surefire 2025-06-04T09-53-29_275-jvmRun1 surefire-20250604095337559_10tmp surefire_3-20250604095337559_11tmp"/>
    <property name="jdk.debug" value="release"/>
    <property name="surefire.test.class.path" value="/opt/proyectos/java/product-manager/boot/target/test-classes:/opt/proyectos/java/product-manager/boot/target/classes:/opt/proyectos/java/product-manager/driving/api-rest/target/product-manager-api-rest-1.0.0.jar:/home/nao/.m2/repository/org/springframework/spring-web/6.1.14/spring-web-6.1.14.jar:/home/nao/.m2/repository/org/springframework/spring-webmvc/6.1.14/spring-webmvc-6.1.14.jar:/opt/proyectos/java/product-manager/application/target/product-manager-application-1.0.0.jar:/home/nao/.m2/repository/io/swagger/core/v3/swagger-annotations/2.2.16/swagger-annotations-2.2.16.jar:/home/nao/.m2/repository/org/openapitools/jackson-databind-nullable/0.2.6/jackson-databind-nullable-0.2.6.jar:/home/nao/.m2/repository/com/fasterxml/jackson/core/jackson-databind/2.15.4/jackson-databind-2.15.4.jar:/home/nao/.m2/repository/com/fasterxml/jackson/core/jackson-annotations/2.15.4/jackson-annotations-2.15.4.jar:/home/nao/.m2/repository/com/fasterxml/jackson/core/jackson-core/2.15.4/jackson-core-2.15.4.jar:/home/nao/.m2/repository/jakarta/servlet/jakarta.servlet-api/6.0.0/jakarta.servlet-api-6.0.0.jar:/opt/proyectos/java/product-manager/driven/repository-sql/target/product-manager-repository-sql-1.0.0.jar:/home/nao/.m2/repository/org/springframework/boot/spring-boot-starter-data-jpa/3.2.11/spring-boot-starter-data-jpa-3.2.11.jar:/home/nao/.m2/repository/org/springframework/boot/spring-boot-starter-aop/3.2.11/spring-boot-starter-aop-3.2.11.jar:/home/nao/.m2/repository/org/aspectj/aspectjweaver/1.9.22.1/aspectjweaver-1.9.22.1.jar:/home/nao/.m2/repository/org/springframework/boot/spring-boot-starter-jdbc/3.2.11/spring-boot-starter-jdbc-3.2.11.jar:/home/nao/.m2/repository/com/zaxxer/HikariCP/5.0.1/HikariCP-5.0.1.jar:/home/nao/.m2/repository/org/springframework/spring-jdbc/6.1.14/spring-jdbc-6.1.14.jar:/home/nao/.m2/repository/org/hibernate/orm/hibernate-core/6.4.10.Final/hibernate-core-6.4.10.Final.jar:/home/nao/.m2/repository/jakarta/persistence/jakarta.persistence-api/3.1.0/jakarta.persistence-api-3.1.0.jar:/home/nao/.m2/repository/jakarta/transaction/jakarta.transaction-api/2.0.1/jakarta.transaction-api-2.0.1.jar:/home/nao/.m2/repository/org/hibernate/common/hibernate-commons-annotations/6.0.6.Final/hibernate-commons-annotations-6.0.6.Final.jar:/home/nao/.m2/repository/io/smallrye/jandex/3.1.2/jandex-3.1.2.jar:/home/nao/.m2/repository/jakarta/xml/bind/jakarta.xml.bind-api/4.0.2/jakarta.xml.bind-api-4.0.2.jar:/home/nao/.m2/repository/jakarta/activation/jakarta.activation-api/2.1.3/jakarta.activation-api-2.1.3.jar:/home/nao/.m2/repository/org/glassfish/jaxb/jaxb-runtime/4.0.5/jaxb-runtime-4.0.5.jar:/home/nao/.m2/repository/org/glassfish/jaxb/jaxb-core/4.0.5/jaxb-core-4.0.5.jar:/home/nao/.m2/repository/org/eclipse/angus/angus-activation/2.0.2/angus-activation-2.0.2.jar:/home/nao/.m2/repository/org/glassfish/jaxb/txw2/4.0.5/txw2-4.0.5.jar:/home/nao/.m2/repository/com/sun/istack/istack-commons-runtime/4.1.2/istack-commons-runtime-4.1.2.jar:/home/nao/.m2/repository/jakarta/inject/jakarta.inject-api/2.0.1/jakarta.inject-api-2.0.1.jar:/home/nao/.m2/repository/org/antlr/antlr4-runtime/4.13.0/antlr4-runtime-4.13.0.jar:/home/nao/.m2/repository/org/springframework/data/spring-data-jpa/3.2.11/spring-data-jpa-3.2.11.jar:/home/nao/.m2/repository/org/springframework/data/spring-data-commons/3.2.11/spring-data-commons-3.2.11.jar:/home/nao/.m2/repository/org/springframework/spring-orm/6.1.14/spring-orm-6.1.14.jar:/home/nao/.m2/repository/org/springframework/spring-tx/6.1.14/spring-tx-6.1.14.jar:/home/nao/.m2/repository/org/slf4j/slf4j-api/2.0.16/slf4j-api-2.0.16.jar:/home/nao/.m2/repository/org/springframework/spring-aspects/6.1.14/spring-aspects-6.1.14.jar:/home/nao/.m2/repository/com/h2database/h2/2.2.224/h2-2.2.224.jar:/home/nao/.m2/repository/org/springframework/boot/spring-boot-starter-web/3.2.11/spring-boot-starter-web-3.2.11.jar:/home/nao/.m2/repository/org/springframework/boot/spring-boot-starter/3.2.11/spring-boot-starter-3.2.11.jar:/home/nao/.m2/repository/org/springframework/boot/spring-boot-starter-logging/3.2.11/spring-boot-starter-logging-3.2.11.jar:/home/nao/.m2/repository/ch/qos/logback/logback-classic/1.4.14/logback-classic-1.4.14.jar:/home/nao/.m2/repository/ch/qos/logback/logback-core/1.4.14/logback-core-1.4.14.jar:/home/nao/.m2/repository/org/apache/logging/log4j/log4j-to-slf4j/2.21.1/log4j-to-slf4j-2.21.1.jar:/home/nao/.m2/repository/org/apache/logging/log4j/log4j-api/2.21.1/log4j-api-2.21.1.jar:/home/nao/.m2/repository/org/slf4j/jul-to-slf4j/2.0.16/jul-to-slf4j-2.0.16.jar:/home/nao/.m2/repository/jakarta/annotation/jakarta.annotation-api/2.1.1/jakarta.annotation-api-2.1.1.jar:/home/nao/.m2/repository/org/yaml/snakeyaml/2.2/snakeyaml-2.2.jar:/home/nao/.m2/repository/org/springframework/boot/spring-boot-starter-json/3.2.11/spring-boot-starter-json-3.2.11.jar:/home/nao/.m2/repository/com/fasterxml/jackson/datatype/jackson-datatype-jdk8/2.15.4/jackson-datatype-jdk8-2.15.4.jar:/home/nao/.m2/repository/com/fasterxml/jackson/datatype/jackson-datatype-jsr310/2.15.4/jackson-datatype-jsr310-2.15.4.jar:/home/nao/.m2/repository/com/fasterxml/jackson/module/jackson-module-parameter-names/2.15.4/jackson-module-parameter-names-2.15.4.jar:/home/nao/.m2/repository/org/springframework/boot/spring-boot-starter-tomcat/3.2.11/spring-boot-starter-tomcat-3.2.11.jar:/home/nao/.m2/repository/org/apache/tomcat/embed/tomcat-embed-core/10.1.31/tomcat-embed-core-10.1.31.jar:/home/nao/.m2/repository/org/apache/tomcat/embed/tomcat-embed-websocket/10.1.31/tomcat-embed-websocket-10.1.31.jar:/home/nao/.m2/repository/org/springframework/spring-context/6.1.14/spring-context-6.1.14.jar:/home/nao/.m2/repository/org/springframework/spring-aop/6.1.14/spring-aop-6.1.14.jar:/home/nao/.m2/repository/org/springframework/spring-beans/6.1.14/spring-beans-6.1.14.jar:/home/nao/.m2/repository/org/springframework/spring-core/6.1.14/spring-core-6.1.14.jar:/home/nao/.m2/repository/org/springframework/spring-jcl/6.1.14/spring-jcl-6.1.14.jar:/home/nao/.m2/repository/org/springframework/spring-expression/6.1.14/spring-expression-6.1.14.jar:/home/nao/.m2/repository/io/micrometer/micrometer-observation/1.12.11/micrometer-observation-1.12.11.jar:/home/nao/.m2/repository/io/micrometer/micrometer-commons/1.12.11/micrometer-commons-1.12.11.jar:/home/nao/.m2/repository/org/projectlombok/lombok/1.18.34/lombok-1.18.34.jar:/home/nao/.m2/repository/org/mapstruct/mapstruct/1.4.2.Final/mapstruct-1.4.2.Final.jar:/home/nao/.m2/repository/org/mapstruct/mapstruct-processor/1.4.2.Final/mapstruct-processor-1.4.2.Final.jar:/home/nao/.m2/repository/org/springframework/spring-test/6.1.14/spring-test-6.1.14.jar:/home/nao/.m2/repository/org/springframework/boot/spring-boot-test-autoconfigure/3.2.11/spring-boot-test-autoconfigure-3.2.11.jar:/home/nao/.m2/repository/org/springframework/boot/spring-boot/3.2.11/spring-boot-3.2.11.jar:/home/nao/.m2/repository/org/springframework/boot/spring-boot-test/3.2.11/spring-boot-test-3.2.11.jar:/home/nao/.m2/repository/org/springframework/boot/spring-boot-autoconfigure/3.2.11/spring-boot-autoconfigure-3.2.11.jar:/home/nao/.m2/repository/org/springframework/boot/spring-boot-starter-validation/3.2.11/spring-boot-starter-validation-3.2.11.jar:/home/nao/.m2/repository/org/apache/tomcat/embed/tomcat-embed-el/10.1.31/tomcat-embed-el-10.1.31.jar:/home/nao/.m2/repository/org/hibernate/validator/hibernate-validator/8.0.1.Final/hibernate-validator-8.0.1.Final.jar:/home/nao/.m2/repository/jakarta/validation/jakarta.validation-api/3.0.2/jakarta.validation-api-3.0.2.jar:/home/nao/.m2/repository/org/jboss/logging/jboss-logging/3.5.3.Final/jboss-logging-3.5.3.Final.jar:/home/nao/.m2/repository/com/fasterxml/classmate/1.6.0/classmate-1.6.0.jar:/home/nao/.m2/repository/org/mockito/mockito-junit-jupiter/4.7.0/mockito-junit-jupiter-4.7.0.jar:/home/nao/.m2/repository/org/mockito/mockito-core/5.7.0/mockito-core-5.7.0.jar:/home/nao/.m2/repository/net/bytebuddy/byte-buddy/1.14.19/byte-buddy-1.14.19.jar:/home/nao/.m2/repository/net/bytebuddy/byte-buddy-agent/1.14.19/byte-buddy-agent-1.14.19.jar:/home/nao/.m2/repository/org/objenesis/objenesis/3.3/objenesis-3.3.jar:/home/nao/.m2/repository/org/junit/jupiter/junit-jupiter-api/5.10.5/junit-jupiter-api-5.10.5.jar:/home/nao/.m2/repository/org/opentest4j/opentest4j/1.3.0/opentest4j-1.3.0.jar:/home/nao/.m2/repository/org/junit/platform/junit-platform-commons/1.10.5/junit-platform-commons-1.10.5.jar:/home/nao/.m2/repository/org/apiguardian/apiguardian-api/1.1.2/apiguardian-api-1.1.2.jar:"/>
    <property name="sun.cpu.endian" value="little"/>
    <property name="user.home" value="/home/nao"/>
    <property name="user.language" value="es"/>
    <property name="java.specification.vendor" value="Oracle Corporation"/>
    <property name="java.version.date" value="2025-04-15"/>
    <property name="java.home" value="/home/nao/.sdkman/candidates/java/17.0.15-tem"/>
    <property name="file.separator" value="/"/>
    <property name="basedir" value="/opt/proyectos/java/product-manager/boot"/>
    <property name="java.vm.compressedOopsMode" value="Zero based"/>
    <property name="line.separator" value="&#10;"/>
    <property name="java.vm.specification.vendor" value="Oracle Corporation"/>
    <property name="java.specification.name" value="Java Platform API Specification"/>
    <property name="FILE_LOG_CHARSET" value="UTF-8"/>
    <property name="java.awt.headless" value="true"/>
    <property name="surefire.real.class.path" value="/opt/proyectos/java/product-manager/boot/target/surefire/surefirebooter-20250604095337559_12.jar"/>
    <property name="sun.management.compiler" value="HotSpot 64-Bit Tiered Compilers"/>
    <property name="java.runtime.version" value="17.0.15+6"/>
    <property name="user.name" value="nao"/>
    <property name="path.separator" value=":"/>
    <property name="os.version" value="6.8.0-60-generic"/>
    <property name="java.runtime.name" value="OpenJDK Runtime Environment"/>
    <property name="file.encoding" value="UTF-8"/>
    <property name="java.vm.name" value="OpenJDK 64-Bit Server VM"/>
    <property name="java.vendor.version" value="Temurin-17.0.15+6"/>
    <property name="localRepository" value="/home/nao/.m2/repository"/>
    <property name="java.vendor.url.bug" value="https://github.com/adoptium/adoptium-support/issues"/>
    <property name="java.io.tmpdir" value="/tmp"/>
    <property name="catalina.home" value="/tmp/tomcat.9090.5730628583421150199"/>
    <property name="com.zaxxer.hikari.pool_number" value="1"/>
    <property name="java.version" value="17.0.15"/>
    <property name="user.dir" value="/opt/proyectos/java/product-manager/boot"/>
    <property name="os.arch" value="amd64"/>
    <property name="java.vm.specification.name" value="Java Virtual Machine Specification"/>
    <property name="PID" value="40316"/>
    <property name="CONSOLE_LOG_CHARSET" value="UTF-8"/>
    <property name="catalina.base" value="/tmp/tomcat.9090.5730628583421150199"/>
    <property name="native.encoding" value="UTF-8"/>
    <property name="java.library.path" value="/usr/java/packages/lib:/usr/lib64:/lib64:/lib:/usr/lib"/>
    <property name="java.vm.info" value="mixed mode, sharing"/>
    <property name="java.vendor" value="Eclipse Adoptium"/>
    <property name="java.vm.version" value="17.0.15+6"/>
    <property name="java.specification.maintenance.version" value="1"/>
    <property name="sun.io.unicode.encoding" value="UnicodeLittle"/>
    <property name="java.class.version" value="61.0"/>
    <property name="LOGGED_APPLICATION_NAME" value="[product-manager] "/>
  </properties>
  <testcase name="main" classname="com.product.manager.ApplicationTest" time="3.88">
    <system-out><![CDATA[
  .   ____          _            __ _ _
 /\\ / ___'_ __ _ _(_)_ __  __ _ \ \ \ \
( ( )\___ | '_ | '_| | '_ \/ _` | \ \ \ \
 \\/  ___)| |_)| | | | | || (_| |  ) ) ) )
  '  |____| .__|_| |_|_| |_\__, | / / / /
 =========|_|==============|___/=/_/_/_/
&amp#27;[32m :: Spring Boot :: &amp#27;[39m             &amp#27;[2m (v3.2.11)&amp#27;[0;39m

&amp#27;[2m2025-06-04T09:53:38.276+02:00&amp#27;[0;39m &amp#27;[32m INFO&amp#27;[0;39m &amp#27;[35m40316&amp#27;[0;39m &amp#27;[2m---&amp#27;[0;39m &amp#27;[2m[product-manager] [           main]&amp#27;[0;39m &amp#27;[2m&amp#27;[0;39m&amp#27;[36mcom.product.manager.Application         &amp#27;[0;39m &amp#27;[2m:&amp#27;[0;39m Starting Application using Java 17.0.15 with PID 40316 (started by nao in /opt/proyectos/java/product-manager/boot)
&amp#27;[2m2025-06-04T09:53:38.279+02:00&amp#27;[0;39m &amp#27;[32m INFO&amp#27;[0;39m &amp#27;[35m40316&amp#27;[0;39m &amp#27;[2m---&amp#27;[0;39m &amp#27;[2m[product-manager] [           main]&amp#27;[0;39m &amp#27;[2m&amp#27;[0;39m&amp#27;[36mcom.product.manager.Application         &amp#27;[0;39m &amp#27;[2m:&amp#27;[0;39m No active profile set, falling back to 1 default profile: "default"
&amp#27;[2m2025-06-04T09:53:38.776+02:00&amp#27;[0;39m &amp#27;[32m INFO&amp#27;[0;39m &amp#27;[35m40316&amp#27;[0;39m &amp#27;[2m---&amp#27;[0;39m &amp#27;[2m[product-manager] [           main]&amp#27;[0;39m &amp#27;[2m&amp#27;[0;39m&amp#27;[36m.s.d.r.c.RepositoryConfigurationDelegate&amp#27;[0;39m &amp#27;[2m:&amp#27;[0;39m Bootstrapping Spring Data JPA repositories in DEFAULT mode.
&amp#27;[2m2025-06-04T09:53:38.817+02:00&amp#27;[0;39m &amp#27;[32m INFO&amp#27;[0;39m &amp#27;[35m40316&amp#27;[0;39m &amp#27;[2m---&amp#27;[0;39m &amp#27;[2m[product-manager] [           main]&amp#27;[0;39m &amp#27;[2m&amp#27;[0;39m&amp#27;[36m.s.d.r.c.RepositoryConfigurationDelegate&amp#27;[0;39m &amp#27;[2m:&amp#27;[0;39m Finished Spring Data repository scanning in 33 ms. Found 1 JPA repository interface.
&amp#27;[2m2025-06-04T09:53:39.484+02:00&amp#27;[0;39m &amp#27;[32m INFO&amp#27;[0;39m &amp#27;[35m40316&amp#27;[0;39m &amp#27;[2m---&amp#27;[0;39m &amp#27;[2m[product-manager] [           main]&amp#27;[0;39m &amp#27;[2m&amp#27;[0;39m&amp#27;[36mo.s.b.w.embedded.tomcat.TomcatWebServer &amp#27;[0;39m &amp#27;[2m:&amp#27;[0;39m Tomcat initialized with port 9090 (http)
&amp#27;[2m2025-06-04T09:53:39.495+02:00&amp#27;[0;39m &amp#27;[32m INFO&amp#27;[0;39m &amp#27;[35m40316&amp#27;[0;39m &amp#27;[2m---&amp#27;[0;39m &amp#27;[2m[product-manager] [           main]&amp#27;[0;39m &amp#27;[2m&amp#27;[0;39m&amp#27;[36mo.apache.catalina.core.StandardService  &amp#27;[0;39m &amp#27;[2m:&amp#27;[0;39m Starting service [Tomcat]
&amp#27;[2m2025-06-04T09:53:39.495+02:00&amp#27;[0;39m &amp#27;[32m INFO&amp#27;[0;39m &amp#27;[35m40316&amp#27;[0;39m &amp#27;[2m---&amp#27;[0;39m &amp#27;[2m[product-manager] [           main]&amp#27;[0;39m &amp#27;[2m&amp#27;[0;39m&amp#27;[36mo.apache.catalina.core.StandardEngine   &amp#27;[0;39m &amp#27;[2m:&amp#27;[0;39m Starting Servlet engine: [Apache Tomcat/10.1.31]
&amp#27;[2m2025-06-04T09:53:39.536+02:00&amp#27;[0;39m &amp#27;[32m INFO&amp#27;[0;39m &amp#27;[35m40316&amp#27;[0;39m &amp#27;[2m---&amp#27;[0;39m &amp#27;[2m[product-manager] [           main]&amp#27;[0;39m &amp#27;[2m&amp#27;[0;39m&amp#27;[36mo.a.c.c.C.[Tomcat].[localhost].[/]      &amp#27;[0;39m &amp#27;[2m:&amp#27;[0;39m Initializing Spring embedded WebApplicationContext
&amp#27;[2m2025-06-04T09:53:39.538+02:00&amp#27;[0;39m &amp#27;[32m INFO&amp#27;[0;39m &amp#27;[35m40316&amp#27;[0;39m &amp#27;[2m---&amp#27;[0;39m &amp#27;[2m[product-manager] [           main]&amp#27;[0;39m &amp#27;[2m&amp#27;[0;39m&amp#27;[36mw.s.c.ServletWebServerApplicationContext&amp#27;[0;39m &amp#27;[2m:&amp#27;[0;39m Root WebApplicationContext: initialization completed in 1220 ms
&amp#27;[2m2025-06-04T09:53:39.580+02:00&amp#27;[0;39m &amp#27;[32m INFO&amp#27;[0;39m &amp#27;[35m40316&amp#27;[0;39m &amp#27;[2m---&amp#27;[0;39m &amp#27;[2m[product-manager] [           main]&amp#27;[0;39m &amp#27;[2m&amp#27;[0;39m&amp#27;[36mcom.zaxxer.hikari.HikariDataSource      &amp#27;[0;39m &amp#27;[2m:&amp#27;[0;39m HikariPool-1 - Starting...
&amp#27;[2m2025-06-04T09:53:39.763+02:00&amp#27;[0;39m &amp#27;[32m INFO&amp#27;[0;39m &amp#27;[35m40316&amp#27;[0;39m &amp#27;[2m---&amp#27;[0;39m &amp#27;[2m[product-manager] [           main]&amp#27;[0;39m &amp#27;[2m&amp#27;[0;39m&amp#27;[36mcom.zaxxer.hikari.pool.HikariPool       &amp#27;[0;39m &amp#27;[2m:&amp#27;[0;39m HikariPool-1 - Added connection conn0: url=jdbc:h2:~/pricedb user=SA
&amp#27;[2m2025-06-04T09:53:39.764+02:00&amp#27;[0;39m &amp#27;[32m INFO&amp#27;[0;39m &amp#27;[35m40316&amp#27;[0;39m &amp#27;[2m---&amp#27;[0;39m &amp#27;[2m[product-manager] [           main]&amp#27;[0;39m &amp#27;[2m&amp#27;[0;39m&amp#27;[36mcom.zaxxer.hikari.HikariDataSource      &amp#27;[0;39m &amp#27;[2m:&amp#27;[0;39m HikariPool-1 - Start completed.
&amp#27;[2m2025-06-04T09:53:39.773+02:00&amp#27;[0;39m &amp#27;[32m INFO&amp#27;[0;39m &amp#27;[35m40316&amp#27;[0;39m &amp#27;[2m---&amp#27;[0;39m &amp#27;[2m[product-manager] [           main]&amp#27;[0;39m &amp#27;[2m&amp#27;[0;39m&amp#27;[36mo.s.b.a.h2.H2ConsoleAutoConfiguration   &amp#27;[0;39m &amp#27;[2m:&amp#27;[0;39m H2 console available at '/h2-console'. Database available at 'jdbc:h2:~/pricedb'
&amp#27;[2m2025-06-04T09:53:39.858+02:00&amp#27;[0;39m &amp#27;[32m INFO&amp#27;[0;39m &amp#27;[35m40316&amp#27;[0;39m &amp#27;[2m---&amp#27;[0;39m &amp#27;[2m[product-manager] [           main]&amp#27;[0;39m &amp#27;[2m&amp#27;[0;39m&amp#27;[36mo.hibernate.jpa.internal.util.LogHelper &amp#27;[0;39m &amp#27;[2m:&amp#27;[0;39m HHH000204: Processing PersistenceUnitInfo [name: default]
&amp#27;[2m2025-06-04T09:53:39.893+02:00&amp#27;[0;39m &amp#27;[32m INFO&amp#27;[0;39m &amp#27;[35m40316&amp#27;[0;39m &amp#27;[2m---&amp#27;[0;39m &amp#27;[2m[product-manager] [           main]&amp#27;[0;39m &amp#27;[2m&amp#27;[0;39m&amp#27;[36morg.hibernate.Version                   &amp#27;[0;39m &amp#27;[2m:&amp#27;[0;39m HHH000412: Hibernate ORM core version 6.4.10.Final
&amp#27;[2m2025-06-04T09:53:39.916+02:00&amp#27;[0;39m &amp#27;[32m INFO&amp#27;[0;39m &amp#27;[35m40316&amp#27;[0;39m &amp#27;[2m---&amp#27;[0;39m &amp#27;[2m[product-manager] [           main]&amp#27;[0;39m &amp#27;[2m&amp#27;[0;39m&amp#27;[36mo.h.c.internal.RegionFactoryInitiator   &amp#27;[0;39m &amp#27;[2m:&amp#27;[0;39m HHH000026: Second-level cache disabled
&amp#27;[2m2025-06-04T09:53:40.070+02:00&amp#27;[0;39m &amp#27;[32m INFO&amp#27;[0;39m &amp#27;[35m40316&amp#27;[0;39m &amp#27;[2m---&amp#27;[0;39m &amp#27;[2m[product-manager] [           main]&amp#27;[0;39m &amp#27;[2m&amp#27;[0;39m&amp#27;[36mo.s.o.j.p.SpringPersistenceUnitInfo     &amp#27;[0;39m &amp#27;[2m:&amp#27;[0;39m No LoadTimeWeaver setup: ignoring JPA class transformer
&amp#27;[2m2025-06-04T09:53:40.868+02:00&amp#27;[0;39m &amp#27;[32m INFO&amp#27;[0;39m &amp#27;[35m40316&amp#27;[0;39m &amp#27;[2m---&amp#27;[0;39m &amp#27;[2m[product-manager] [           main]&amp#27;[0;39m &amp#27;[2m&amp#27;[0;39m&amp#27;[36mo.h.e.t.j.p.i.JtaPlatformInitiator      &amp#27;[0;39m &amp#27;[2m:&amp#27;[0;39m HHH000489: No JTA platform available (set 'hibernate.transaction.jta.platform' to enable JTA platform integration)
&amp#27;[2m2025-06-04T09:53:40.903+02:00&amp#27;[0;39m &amp#27;[32m INFO&amp#27;[0;39m &amp#27;[35m40316&amp#27;[0;39m &amp#27;[2m---&amp#27;[0;39m &amp#27;[2m[product-manager] [           main]&amp#27;[0;39m &amp#27;[2m&amp#27;[0;39m&amp#27;[36mj.LocalContainerEntityManagerFactoryBean&amp#27;[0;39m &amp#27;[2m:&amp#27;[0;39m Initialized JPA EntityManagerFactory for persistence unit 'default'
&amp#27;[2m2025-06-04T09:53:41.064+02:00&amp#27;[0;39m &amp#27;[32m INFO&amp#27;[0;39m &amp#27;[35m40316&amp#27;[0;39m &amp#27;[2m---&amp#27;[0;39m &amp#27;[2m[product-manager] [           main]&amp#27;[0;39m &amp#27;[2m&amp#27;[0;39m&amp#27;[36mo.s.d.j.r.query.QueryEnhancerFactory    &amp#27;[0;39m &amp#27;[2m:&amp#27;[0;39m Hibernate is in classpath; If applicable, HQL parser will be used.
&amp#27;[2m2025-06-04T09:53:41.487+02:00&amp#27;[0;39m &amp#27;[32mDEBUG&amp#27;[0;39m &amp#27;[35m40316&amp#27;[0;39m &amp#27;[2m---&amp#27;[0;39m &amp#27;[2m[product-manager] [           main]&amp#27;[0;39m &amp#27;[2m&amp#27;[0;39m&amp#27;[36ms.w.s.m.m.a.RequestMappingHandlerMapping&amp#27;[0;39m &amp#27;[2m:&amp#27;[0;39m 3 mappings in 'requestMappingHandlerMapping'
&amp#27;[2m2025-06-04T09:53:41.554+02:00&amp#27;[0;39m &amp#27;[32mDEBUG&amp#27;[0;39m &amp#27;[35m40316&amp#27;[0;39m &amp#27;[2m---&amp#27;[0;39m &amp#27;[2m[product-manager] [           main]&amp#27;[0;39m &amp#27;[2m&amp#27;[0;39m&amp#27;[36mo.s.w.s.handler.SimpleUrlHandlerMapping &amp#27;[0;39m &amp#27;[2m:&amp#27;[0;39m Patterns [/webjars/**, /**] in 'resourceHandlerMapping'
&amp#27;[2m2025-06-04T09:53:41.589+02:00&amp#27;[0;39m &amp#27;[32mDEBUG&amp#27;[0;39m &amp#27;[35m40316&amp#27;[0;39m &amp#27;[2m---&amp#27;[0;39m &amp#27;[2m[product-manager] [           main]&amp#27;[0;39m &amp#27;[2m&amp#27;[0;39m&amp#27;[36ms.w.s.m.m.a.RequestMappingHandlerAdapter&amp#27;[0;39m &amp#27;[2m:&amp#27;[0;39m ControllerAdvice beans: 0 @ModelAttribute, 0 @InitBinder, 1 RequestBodyAdvice, 1 ResponseBodyAdvice
&amp#27;[2m2025-06-04T09:53:41.621+02:00&amp#27;[0;39m &amp#27;[32mDEBUG&amp#27;[0;39m &amp#27;[35m40316&amp#27;[0;39m &amp#27;[2m---&amp#27;[0;39m &amp#27;[2m[product-manager] [           main]&amp#27;[0;39m &amp#27;[2m&amp#27;[0;39m&amp#27;[36m.m.m.a.ExceptionHandlerExceptionResolver&amp#27;[0;39m &amp#27;[2m:&amp#27;[0;39m ControllerAdvice beans: 1 @ExceptionHandler, 1 ResponseBodyAdvice
&amp#27;[2m2025-06-04T09:53:41.757+02:00&amp#27;[0;39m &amp#27;[32m INFO&amp#27;[0;39m &amp#27;[35m40316&amp#27;[0;39m &amp#27;[2m---&amp#27;[0;39m &amp#27;[2m[product-manager] [           main]&amp#27;[0;39m &amp#27;[2m&amp#27;[0;39m&amp#27;[36mo.s.b.w.embedded.tomcat.TomcatWebServer &amp#27;[0;39m &amp#27;[2m:&amp#27;[0;39m Tomcat started on port 9090 (http) with context path ''
&amp#27;[2m2025-06-04T09:53:41.769+02:00&amp#27;[0;39m &amp#27;[32m INFO&amp#27;[0;39m &amp#27;[35m40316&amp#27;[0;39m &amp#27;[2m---&amp#27;[0;39m &amp#27;[2m[product-manager] [           main]&amp#27;[0;39m &amp#27;[2m&amp#27;[0;39m&amp#27;[36mcom.product.manager.Application         &amp#27;[0;39m &amp#27;[2m:&amp#27;[0;39m Started Application in 3.772 seconds (process running for 4.198)
]]></system-out>
  </testcase>
</testsuite>